googol=2**2
googol
googol=2*2
googol
googol=10*100
print(googol*googol)
googol=10**100
print(googol*googol)
print("pupa", "dupa")
print('a'*4)
letters = 'abcdefghijklmnopqrstuvwxyz'
letters[1:2]
letters[0:1]
letters[10:]
crypto_list = ['Yeti', 'Bigfoot', 'Loch Ness Monster']
print(', '.join(crypto_list))
poem = '''All that doth flow we cannot liquid name
Or else would fire and water be the same;
But that is liquid which is moist and wet
Fire that property can never get.
Then 'tis not cold that doth the fire put out
But 'tis the wet that makes it die, no doubt.'''
len(poem)
poem.startswith('All')
poem.endswith('That\'s all, folks!')
word = 'the'
poem.find(word)
poem.rfind(word)
poem.count(word)
poem.isalnum()
setup = 'a duck goes into a bar...'
print(setup)
print(setup.strip('.'))
setup.capitalize()
setup.upper()
setup.lower()
setup.swapcase()
setup.replace('duck', 'marmoset')
setup.replace('a ', 'a famous ', 100)
tuple=1,2,3,4
map={"chef":"pupa"}
list=[1,2,4]
tuple=(1,2,3)
set={1,2,3,1}
for rabbit in rabbits:
...     print(rabbit)
for x in range(0,3):
...     print(x
number_list = []
>>> for number in range(1, 6):
...     number_list.append(number)
number_list = list(range(1, 6))
a_list = [number for number in range(1,6) if number % 2 == 1]
rows = range(1,4)
>>> cols = range(1,3)
>>> cells = [(row, col) for row in rows for col in cols]
>>> for cell in cells:
...     print(cell)
word = 'letters'
>>> letter_counts = {letter: word.count(letter) for letter in word}
word = 'letters'
>>> letter_counts = {letter: word.count(letter) for letter in set(word)}	
a_set = {number for number in range(1,6) if number % 3 == 1}
umber_thing = (number for number in range(1, 6))
def echo(anything):
...    return anything  ' '  anything
def commentary(color):
...     if color == 'red':
...         return "It's a tomato."
...     elif color == "green":
...         return "It's a green pepper."
...     elif color == 'bee purple':
...         return "I don't know what it is, but only bees can see it."
...     else:
...         return "I've never heard of the color "  color  "."
def menu(wine, entree, dessert):
...     return {'wine': wine, 'entree': entree, 'dessert': dessert}
menu(entree='beef', dessert='bagel', wine='bordeaux')

def menu(wine, entree, dessert='pudding'):
...     return {'wine': wine, 'entree': entree, 'dessert': dessert}
menu('chardonnay', 'chicken')
def print_args(*args):
...     print('Positional argument tuple:', args)
def print_more(required1, required2, *args):
...     print('Need this one:', required1)
...     print('Need this one too:', required2)
...     print('All the rest:', args)
def print_kwargs(**kwargs):
...     print('Keyword arguments:', kwargs)

def print_if_true(thing, check):
    '''
    Prints the first argument if a second argument is true.
    The operation is:
        1. Check whether the *second* argument is true.
        2. If it is, print the *first* argument.
    '''
    if check:
        print(thing)

def knights2(saying):
...     def inner2():
...         return "We are the knights who say: '%s'" % saying
...     return inner2
...

def edit_story(words, func):
...     for word in words:
...         print(func(word))

edit_story(stairs, lambda word: word.capitalize() + '!')
 sum(range(1, 101))

 def my_range(first=0, last=10, step=1):
...     number = first
...     while number < last:
...         yield number
...         number += step        